c:\users\schcsrc65\documents\visual studio 2015\projects\centerav64v1.1\centerav64v1.1\x64\debug\vc140.pdb
c:\users\schcsrc65\documents\visual studio 2015\projects\centerav64v1.1\centerav64v1.1\x64\debug\centerav64v1.1.obj
c:\users\schcsrc65\documents\visual studio 2015\projects\centerav64v1.1\x64\debug\centerav64v1.1\centerav64v1.1.cat
c:\users\schcsrc65\documents\visual studio 2015\projects\centerav64v1.1\x64\debug\centerav64v1.1.sys
c:\users\schcsrc65\documents\visual studio 2015\projects\centerav64v1.1\x64\debug\centerav64v1.1.pdb
c:\users\schcsrc65\documents\visual studio 2015\projects\centerav64v1.1\centerav64v1.1\x64\debug\centerav64v1.1.res
c:\users\schcsrc65\documents\visual studio 2015\projects\centerav64v1.1\centerav64v1.1\x64\debug\centerav64v1.1.inf
c:\users\schcsrc65\documents\visual studio 2015\projects\centerav64v1.1\x64\debug\centerav64v1.1.cer
c:\users\schcsrc65\documents\visual studio 2015\projects\centerav64v1.1\x64\debug\centerav64v1.1.inf
c:\users\schcsrc65\documents\visual studio 2015\projects\centerav64v1.1\centerav64v1.1\x64\debug\centerav64v1.1.tlog\cl.command.1.tlog
c:\users\schcsrc65\documents\visual studio 2015\projects\centerav64v1.1\centerav64v1.1\x64\debug\centerav64v1.1.tlog\cl.read.1.tlog
c:\users\schcsrc65\documents\visual studio 2015\projects\centerav64v1.1\centerav64v1.1\x64\debug\centerav64v1.1.tlog\cl.write.1.tlog
c:\users\schcsrc65\documents\visual studio 2015\projects\centerav64v1.1\centerav64v1.1\x64\debug\centerav64v1.1.tlog\inf2cat-expand.15032.read.1.tlog
c:\users\schcsrc65\documents\visual studio 2015\projects\centerav64v1.1\centerav64v1.1\x64\debug\centerav64v1.1.tlog\inf2cat-expand.15032.write.1.tlog
c:\users\schcsrc65\documents\visual studio 2015\projects\centerav64v1.1\centerav64v1.1\x64\debug\centerav64v1.1.tlog\inf2cat-expand.read.1.tlog
c:\users\schcsrc65\documents\visual studio 2015\projects\centerav64v1.1\centerav64v1.1\x64\debug\centerav64v1.1.tlog\inf2cat-expand.write.1.tlog
c:\users\schcsrc65\documents\visual studio 2015\projects\centerav64v1.1\centerav64v1.1\x64\debug\centerav64v1.1.tlog\inf2cat.command.1.tlog
c:\users\schcsrc65\documents\visual studio 2015\projects\centerav64v1.1\centerav64v1.1\x64\debug\centerav64v1.1.tlog\inf2cat.read.1.tlog
c:\users\schcsrc65\documents\visual studio 2015\projects\centerav64v1.1\centerav64v1.1\x64\debug\centerav64v1.1.tlog\inf2cat.write.1.tlog
c:\users\schcsrc65\documents\visual studio 2015\projects\centerav64v1.1\centerav64v1.1\x64\debug\centerav64v1.1.tlog\link.command.1.tlog
c:\users\schcsrc65\documents\visual studio 2015\projects\centerav64v1.1\centerav64v1.1\x64\debug\centerav64v1.1.tlog\link.read.1.tlog
c:\users\schcsrc65\documents\visual studio 2015\projects\centerav64v1.1\centerav64v1.1\x64\debug\centerav64v1.1.tlog\link.write.1.tlog
c:\users\schcsrc65\documents\visual studio 2015\projects\centerav64v1.1\centerav64v1.1\x64\debug\centerav64v1.1.tlog\rc.command.1.tlog
c:\users\schcsrc65\documents\visual studio 2015\projects\centerav64v1.1\centerav64v1.1\x64\debug\centerav64v1.1.tlog\rc.read.1.tlog
c:\users\schcsrc65\documents\visual studio 2015\projects\centerav64v1.1\centerav64v1.1\x64\debug\centerav64v1.1.tlog\rc.write.1.tlog
c:\users\schcsrc65\documents\visual studio 2015\projects\centerav64v1.1\centerav64v1.1\x64\debug\centerav64v1.1.tlog\signtool.command.1.tlog
c:\users\schcsrc65\documents\visual studio 2015\projects\centerav64v1.1\centerav64v1.1\x64\debug\centerav64v1.1.tlog\signtool.read.1.tlog
c:\users\schcsrc65\documents\visual studio 2015\projects\centerav64v1.1\centerav64v1.1\x64\debug\centerav64v1.1.tlog\signtool.timestamp.1.tlog
c:\users\schcsrc65\documents\visual studio 2015\projects\centerav64v1.1\centerav64v1.1\x64\debug\centerav64v1.1.tlog\signtool.write.1.tlog
c:\users\schcsrc65\documents\visual studio 2015\projects\centerav64v1.1\centerav64v1.1\x64\debug\centerav64v1.1.tlog\stampinf.command.1.tlog
c:\users\schcsrc65\documents\visual studio 2015\projects\centerav64v1.1\centerav64v1.1\x64\debug\centerav64v1.1.tlog\stampinf.read.1.tlog
c:\users\schcsrc65\documents\visual studio 2015\projects\centerav64v1.1\centerav64v1.1\x64\debug\centerav64v1.1.tlog\stampinf.write.1.tlog
